<?xml version="1.0" encoding="UTF-8"?>
<!-- Generated by org.testng.reporters.JUnitXMLReporter -->
<testsuite hostname="DESKTOP-JFI584D" ignored="0" name="Command line test" tests="1" failures="1" timestamp="12 Apr 2022 12:04:39 GMT" time="38.384" errors="0">
  <testcase name="createContactWithOrganizationTest" time="23.88" classname="com.crm.contacts.CreateContactWithOrganizationTest">
    <failure type="java.lang.AssertionError" message="Error Organization not created expected [Sdet13209] but found [Sdet13]">
      <![CDATA[java.lang.AssertionError: Error Organization not created expected [Sdet13209] but found [Sdet13]
at com.crm.contacts.CreateContactWithOrganizationTest.createContactWithOrganizationTest(CreateContactWithOrganizationTest.java:86)
... Removed 39 stack frames]]>
    </failure>
  </testcase> <!-- createContactWithOrganizationTest -->
</testsuite> <!-- Command line test -->
