<?xml version="1.0" encoding="UTF-8"?>
<!-- Generated by org.testng.reporters.JUnitXMLReporter -->
<testsuite ignored="0" hostname="DESKTOP-JFI584D" failures="1" tests="6" name="Test" time="87.502" errors="0" timestamp="2022-04-07T18:21:03 IST">
  <testcase classname="com.crm.testngpractice.PracticeRertyAnalyzerListener1" name="createNewOrganizatinTest" time="7.132">
    <skipped/>
  </testcase> <!-- createNewOrganizatinTest -->
  <testcase classname="com.crm.testngpractice.PracticeRertyAnalyzerListener1" name="createNewOrganizatinTest" time="7.061">
    <skipped/>
  </testcase> <!-- createNewOrganizatinTest -->
  <testcase classname="com.crm.testngpractice.PracticeRertyAnalyzerListener1" name="createNewOrganizatinTest" time="7.221">
    <skipped/>
  </testcase> <!-- createNewOrganizatinTest -->
  <testcase classname="com.crm.testngpractice.PracticeRertyAnalyzerListener1" name="createNewOrganizatinTest" time="6.526">
    <skipped/>
  </testcase> <!-- createNewOrganizatinTest -->
  <testcase classname="com.crm.testngpractice.PracticeRertyAnalyzerListener1" name="createNewOrganizatinTest" time="7.362">
    <skipped/>
  </testcase> <!-- createNewOrganizatinTest -->
  <testcase classname="com.crm.testngpractice.PracticeRertyAnalyzerListener1" name="createNewOrganizatinTest" time="8.155">
    <failure type="java.lang.AssertionError" message="null">
      <![CDATA[java.lang.AssertionError: null
at com.crm.testngpractice.PracticeRertyAnalyzerListener1.createNewOrganizatinTest(PracticeRertyAnalyzerListener1.java:32)
at java.base/java.util.ArrayList.forEach(ArrayList.java:1511)
... Removed 29 stack frames]]>
    </failure>
  </testcase> <!-- createNewOrganizatinTest -->
</testsuite> <!-- Test -->
