<?xml version="1.0" encoding="UTF-8"?>
<!-- Generated by org.testng.reporters.JUnitXMLReporter -->
<testsuite hostname="DESKTOP-JFI584D" ignored="7" name="Command line test" tests="41" failures="0" timestamp="12 Apr 2022 07:44:01 GMT" time="0.306" errors="0">
  <testcase name="@BeforeClass launchBrowser" time="0.0" classname="com.crm.genericutility.BaseClass">
    <failure type="org.testng.TestNGException" message="
Parameter &amp;apos;browser&amp;apos; is required by BeforeClass on method launchBrowser but has not been marked @Optional or defined
">
      <![CDATA[org.testng.TestNGException: 
Parameter 'browser' is required by BeforeClass on method launchBrowser but has not been marked @Optional or defined

... Removed 33 stack frames]]>
    </failure>
  </testcase> <!-- @BeforeClass launchBrowser -->
  <testcase name="@BeforeMethod loginToApplication" time="0.0" classname="com.crm.genericutility.BaseClass">
    <skipped/>
  </testcase> <!-- @BeforeMethod loginToApplication -->
  <testcase name="@AfterMethod logoutFromApplication" time="0.0" classname="com.crm.genericutility.BaseClass">
    <skipped/>
  </testcase> <!-- @AfterMethod logoutFromApplication -->
  <testcase name="@AfterClass closeBrowser" time="0.0" classname="com.crm.genericutility.BaseClass">
    <skipped/>
  </testcase> <!-- @AfterClass closeBrowser -->
  <testcase name="@BeforeClass launchBrowser" time="0.0" classname="com.crm.genericutility.BaseClass">
    <failure type="org.testng.TestNGException" message="
Parameter &amp;apos;browser&amp;apos; is required by BeforeClass on method launchBrowser but has not been marked @Optional or defined
">
      <![CDATA[org.testng.TestNGException: 
Parameter 'browser' is required by BeforeClass on method launchBrowser but has not been marked @Optional or defined

... Removed 33 stack frames]]>
    </failure>
  </testcase> <!-- @BeforeClass launchBrowser -->
  <testcase name="@BeforeMethod loginToApplication" time="0.0" classname="com.crm.genericutility.BaseClass">
    <skipped/>
  </testcase> <!-- @BeforeMethod loginToApplication -->
  <testcase name="@AfterMethod logoutFromApplication" time="0.0" classname="com.crm.genericutility.BaseClass">
    <skipped/>
  </testcase> <!-- @AfterMethod logoutFromApplication -->
  <testcase name="@AfterClass closeBrowser" time="0.0" classname="com.crm.genericutility.BaseClass">
    <skipped/>
  </testcase> <!-- @AfterClass closeBrowser -->
  <testcase name="@BeforeClass launchBrowser" time="0.0" classname="com.crm.genericutility.BaseClass">
    <failure type="org.testng.TestNGException" message="
Parameter &amp;apos;browser&amp;apos; is required by BeforeClass on method launchBrowser but has not been marked @Optional or defined
">
      <![CDATA[org.testng.TestNGException: 
Parameter 'browser' is required by BeforeClass on method launchBrowser but has not been marked @Optional or defined

... Removed 33 stack frames]]>
    </failure>
  </testcase> <!-- @BeforeClass launchBrowser -->
  <testcase name="@BeforeMethod loginToApplication" time="0.0" classname="com.crm.genericutility.BaseClass">
    <skipped/>
  </testcase> <!-- @BeforeMethod loginToApplication -->
  <testcase name="@AfterMethod logoutFromApplication" time="0.0" classname="com.crm.genericutility.BaseClass">
    <skipped/>
  </testcase> <!-- @AfterMethod logoutFromApplication -->
  <testcase name="@AfterClass closeBrowser" time="0.0" classname="com.crm.genericutility.BaseClass">
    <skipped/>
  </testcase> <!-- @AfterClass closeBrowser -->
  <testcase name="@BeforeClass launchBrowser" time="0.0" classname="com.crm.genericutility.BaseClass">
    <failure type="org.testng.TestNGException" message="
Parameter &amp;apos;browser&amp;apos; is required by BeforeClass on method launchBrowser but has not been marked @Optional or defined
">
      <![CDATA[org.testng.TestNGException: 
Parameter 'browser' is required by BeforeClass on method launchBrowser but has not been marked @Optional or defined

... Removed 33 stack frames]]>
    </failure>
  </testcase> <!-- @BeforeClass launchBrowser -->
  <testcase name="@BeforeMethod loginToApplication" time="0.0" classname="com.crm.genericutility.BaseClass">
    <skipped/>
  </testcase> <!-- @BeforeMethod loginToApplication -->
  <testcase name="@AfterMethod logoutFromApplication" time="0.0" classname="com.crm.genericutility.BaseClass">
    <skipped/>
  </testcase> <!-- @AfterMethod logoutFromApplication -->
  <testcase name="@AfterClass closeBrowser" time="0.0" classname="com.crm.genericutility.BaseClass">
    <skipped/>
  </testcase> <!-- @AfterClass closeBrowser -->
  <testcase name="createContactWithOrganizationTest" time="0.0" classname="com.crm.contacts.CreateContactWithOrganizationTest">
    <skipped/>
  </testcase> <!-- createContactWithOrganizationTest -->
  <testcase name="practiceCreateContactWithOrganizationTest" time="0.0" classname="com.crm.practice.PracticeCreateContactWithOrganizationTest">
    <skipped/>
  </testcase> <!-- practiceCreateContactWithOrganizationTest -->
  <testcase name="practicecreateNewOrganizatinTest" time="0.0" classname="com.crm.practice.PracticeCreatingNewOrganizationTest">
    <skipped/>
  </testcase> <!-- practicecreateNewOrganizatinTest -->
  <testcase name="dataProviderTest" time="0.001" classname="com.crm.testngpractice.PracticeDataProviderTestNgReadingMultipleDataExcelSimultaneouslyTest"/>
  <testcase name="dataProviderTest" time="0.0" classname="com.crm.testngpractice.PracticeDataProviderTestNgReadingMultipleDataExcelSimultaneouslyTest"/>
  <testcase name="dataProviderTest" time="0.001" classname="com.crm.testngpractice.PracticeDataProviderTestNgReadingMultipleDataExcelSimultaneouslyTest"/>
  <testcase name="dataProviderTest" time="0.001" classname="com.crm.testngpractice.PracticeDataProviderTestNgReadingMultipleDataExcelSimultaneouslyTest"/>
  <testcase name="dataProviderTest" time="0.0" classname="com.crm.testngpractice.PracticeDataProviderTestNgReadingMultipleDataExcelSimultaneouslyTest"/>
  <testcase name="dataProviderTest" time="0.0" classname="com.crm.testngpractice.PracticeDataProviderTestNgReadingMultipleDataExcelSimultaneouslyTest"/>
  <testcase name="dataProviderTest" time="0.001" classname="com.crm.testngpractice.PracticeDataProviderTestNgReadingMultipleDataExcelSimultaneouslyTest"/>
  <testcase name="dataProviderTest" time="0.0" classname="com.crm.testngpractice.PracticeDataProviderTestNgReadingMultipleDataExcelSimultaneouslyTest"/>
  <testcase name="dataProviderTest" time="0.0" classname="com.crm.testngpractice.PracticeDataProviderTestNgReadingMultipleDataExcelSimultaneouslyTest"/>
  <testcase name="dataProviderTest" time="0.001" classname="com.crm.testngpractice.PracticeDataProviderTestNgReadingMultipleDataExcelSimultaneouslyTest"/>
  <testcase name="dataProviderTest" time="0.001" classname="com.crm.testngpractice.PracticeDataProviderTestNgReadingMultipleDataExcelSimultaneouslyTest"/>
  <testcase name="dataProviderTest" time="0.001" classname="com.crm.testngpractice.PracticeDataProviderTestNgReadingMultipleDataExcelSimultaneouslyTest"/>
  <testcase name="dataProviderTest" time="0.001" classname="com.crm.testngpractice.PracticeDataProviderTestNgReadingMultipleDataExcelSimultaneouslyTest"/>
  <testcase name="dataProviderTest" time="0.002" classname="com.crm.testngpractice.PracticeDataProviderTestNgReadingMultipleDataExcelSimultaneouslyTest"/>
  <testcase name="dataProviderTest" time="0.005" classname="com.crm.testngpractice.PracticeDataProviderTestNgReadingMultipleDataExcelSimultaneouslyTest"/>
  <testcase name="dataProviderTest" time="0.002" classname="com.crm.testngpractice.PracticeDataProviderTestNgReadingMultipleDataExcelSimultaneouslyTest"/>
  <testcase name="dataProviderTest" time="0.001" classname="com.crm.testngpractice.PracticeDataProviderTestNgReadingMultipleDataExcelSimultaneouslyTest"/>
  <testcase name="dataProviderTest" time="0.0" classname="com.crm.testngpractice.PracticeDataProviderTestNgReadingMultipleDataExcelSimultaneouslyTest"/>
  <testcase name="dataProviderTest" time="0.0" classname="com.crm.testngpractice.PracticeDataProviderTestNgReadingMultipleDataExcelSimultaneouslyTest"/>
  <testcase name="dataProviderTest" time="0.0" classname="com.crm.testngpractice.PracticeDataProviderTestNgReadingMultipleDataExcelSimultaneouslyTest"/>
  <testcase name="createNewOrganizatinTest" time="0.0" classname="com.crm.organization.CreateNewOrganizatinTest">
    <skipped/>
  </testcase> <!-- createNewOrganizatinTest -->
  <testcase name="method1" time="0.01" classname="com.crm.testngpractice.PracticeTestNG1Test"/>
  <testcase name="test" time="0.007" classname="com.crm.testngpractice.PracticeTestNG2Test"/>
  <testcase name="Ctest" time="0.0" classname="com.crm.testngpractice.PracticeTestNG3Test"/>
  <testcase name="test1" time="0.0" classname="com.crm.testngpractice.PracticeTestNGParameterEnableTest"/>
  <testcase name="test3" time="0.0" classname="com.crm.testngpractice.PracticeTestNGParameterEnableTest"/>
  <testcase name="test4" time="0.0" classname="com.crm.testngpractice.PracticeTestNGParameterEnableTest"/>
  <testcase name="test1" time="0.0" classname="com.crm.testngpractice.PracticeTestNGParameterPriorityTest"/>
  <testcase name="test2" time="0.001" classname="com.crm.testngpractice.PracticeTestNGParameterPriorityTest"/>
  <testcase name="test4" time="0.001" classname="com.crm.testngpractice.PracticeTestNGParameterPriorityTest"/>
  <testcase name="test1" time="0.003" classname="com.crm.testngpractice.PracticeTestNGParametersInvocationCountTest"/>
  <testcase name="test2" time="0.0" classname="com.crm.testngpractice.PracticeTestNGParametersInvocationCountTest"/>
  <testcase name="test2" time="0.001" classname="com.crm.testngpractice.PracticeTestNGParametersInvocationCountTest"/>
  <testcase name="test2" time="0.0" classname="com.crm.testngpractice.PracticeTestNGParametersInvocationCountTest"/>
  <testcase name="test2" time="0.001" classname="com.crm.testngpractice.PracticeTestNGParametersInvocationCountTest"/>
  <testcase name="test3" time="0.001" classname="com.crm.testngpractice.PracticeTestNGParametersInvocationCountTest"/>
  <testcase name="test4" time="0.0" classname="com.crm.testngpractice.PracticeTestNGParametersInvocationCountTest"/>
  <testcase name="test3" time="0.001" classname="com.crm.testngpractice.PracticeTestNGParameterPriorityTest"/>
  <testcase name="test2" time="0.0" classname="com.crm.testngpractice.PracticeTestNGParameterEnableTest">
    <ignored/>
  </testcase> <!-- test2 -->
  <testcase name="@AfterSuite closeDBconnection" time="0.0" classname="com.crm.genericutility.BaseClass">
    <ignored/>
  </testcase> <!-- @AfterSuite closeDBconnection -->
  <testcase name="@AfterSuite closeDBconnection" time="0.0" classname="com.crm.genericutility.BaseClass">
    <ignored/>
  </testcase> <!-- @AfterSuite closeDBconnection -->
  <testcase name="@AfterSuite closeDBconnection" time="0.0" classname="com.crm.genericutility.BaseClass">
    <ignored/>
  </testcase> <!-- @AfterSuite closeDBconnection -->
  <testcase name="@BeforeSuite openDataBase" time="0.0" classname="com.crm.genericutility.BaseClass">
    <ignored/>
  </testcase> <!-- @BeforeSuite openDataBase -->
  <testcase name="@BeforeSuite openDataBase" time="0.0" classname="com.crm.genericutility.BaseClass">
    <ignored/>
  </testcase> <!-- @BeforeSuite openDataBase -->
  <testcase name="@BeforeSuite openDataBase" time="0.0" classname="com.crm.genericutility.BaseClass">
    <ignored/>
  </testcase> <!-- @BeforeSuite openDataBase -->
</testsuite> <!-- Command line test -->
